<?xml version="1.0" encoding="UTF-8"?>
<coverage generated="1479704160833" clover="3.2.0">
  <project timestamp="1479704160833" name="All files">
    <metrics statements="62" coveredstatements="46" conditionals="24" coveredconditionals="20" methods="16" coveredmethods="10" elements="102" coveredelements="76" complexity="0" loc="62" ncloc="62" packages="1" files="2" classes="2">
      <file name="CalcApp.js" path="/home/wayne/HW6/src/components/CalcApp.js">
        <metrics statements="55" coveredstatements="40" conditionals="22" coveredconditionals="18" methods="14" coveredmethods="9"/>
        <line num="8" count="0" type="stmt"/>
        <line num="9" count="0" type="stmt"/>
        <line num="15" count="10" type="stmt"/>
        <line num="16" count="10" type="stmt"/>
        <line num="22" count="10" type="stmt"/>
        <line num="26" count="45" type="stmt"/>
        <line num="36" count="0" type="stmt"/>
        <line num="37" count="0" type="stmt"/>
        <line num="38" count="0" type="stmt"/>
        <line num="39" count="0" type="stmt"/>
        <line num="40" count="0" type="stmt"/>
        <line num="42" count="1" type="stmt"/>
        <line num="43" count="1" type="stmt"/>
        <line num="47" count="0" type="stmt"/>
        <line num="51" count="24" type="stmt"/>
        <line num="52" count="15" type="stmt"/>
        <line num="54" count="9" type="stmt"/>
        <line num="55" count="9" type="stmt"/>
        <line num="56" count="9" type="stmt"/>
        <line num="57" count="9" type="stmt"/>
        <line num="59" count="24" type="stmt"/>
        <line num="61" count="490" type="stmt"/>
        <line num="62" count="490" type="stmt"/>
        <line num="67" count="15" type="stmt"/>
        <line num="68" count="9" type="stmt"/>
        <line num="70" count="6" type="stmt"/>
        <line num="71" count="6" type="stmt"/>
        <line num="72" count="6" type="stmt"/>
        <line num="73" count="6" type="stmt"/>
        <line num="75" count="15" type="stmt"/>
        <line num="77" count="15" type="stmt"/>
        <line num="79" count="245" type="stmt"/>
        <line num="80" count="245" type="stmt"/>
        <line num="84" count="0" type="stmt"/>
        <line num="85" count="0" type="stmt"/>
        <line num="86" count="0" type="stmt"/>
        <line num="88" count="0" type="stmt"/>
        <line num="89" count="0" type="stmt"/>
        <line num="94" count="6" type="stmt"/>
        <line num="96" count="6" type="stmt"/>
        <line num="97" count="2" type="stmt"/>
        <line num="98" count="2" type="stmt"/>
        <line num="100" count="4" type="stmt"/>
        <line num="101" count="2" type="stmt"/>
        <line num="102" count="2" type="stmt"/>
        <line num="104" count="2" type="stmt"/>
        <line num="105" count="1" type="stmt"/>
        <line num="106" count="1" type="stmt"/>
        <line num="108" count="1" type="stmt"/>
        <line num="109" count="0" type="stmt"/>
        <line num="110" count="0" type="stmt"/>
        <line num="112" count="1" type="stmt"/>
        <line num="113" count="1" type="stmt"/>
        <line num="115" count="6" type="stmt"/>
        <line num="121" count="49" type="stmt"/>
      </file>
      <file name="CalcButton.js" path="/home/wayne/HW6/src/components/CalcButton.js">
        <metrics statements="7" coveredstatements="6" conditionals="2" coveredconditionals="2" methods="2" coveredmethods="1"/>
        <line num="5" count="0" type="stmt"/>
        <line num="8" count="2" type="stmt"/>
        <line num="9" count="933" type="stmt"/>
        <line num="10" count="933" type="stmt"/>
        <line num="11" count="933" type="stmt"/>
        <line num="22" count="2" type="stmt"/>
        <line num="28" count="2" type="stmt"/>
      </file>
    </metrics>
  </project>
</coverage>
