{"/home/wayne/HW6/src/components/CalcApp.js": {"path":"/home/wayne/HW6/src/components/CalcApp.js","statementMap":{"0":{"start":{"line":8,"column":24},"end":{"line":8,"column":28}},"1":{"start":{"line":9,"column":2},"end":{"line":9,"column":69}},"2":{"start":{"line":15,"column":4},"end":{"line":15,"column":17}},"3":{"start":{"line":16,"column":4},"end":{"line":21,"column":6}},"4":{"start":{"line":22,"column":4},"end":{"line":22,"column":51}},"5":{"start":{"line":26,"column":4},"end":{"line":31,"column":6}},"6":{"start":{"line":36,"column":6},"end":{"line":36,"column":25}},"7":{"start":{"line":37,"column":6},"end":{"line":37,"column":29}},"8":{"start":{"line":38,"column":6},"end":{"line":38,"column":24}},"9":{"start":{"line":39,"column":6},"end":{"line":39,"column":26}},"10":{"start":{"line":40,"column":6},"end":{"line":40,"column":25}},"11":{"start":{"line":42,"column":4},"end":{"line":42,"column":29}},"12":{"start":{"line":43,"column":4},"end":{"line":43,"column":17}},"13":{"start":{"line":47,"column":4},"end":{"line":47,"column":58}},"14":{"start":{"line":51,"column":6},"end":{"line":58,"column":7}},"15":{"start":{"line":52,"column":8},"end":{"line":52,"column":50}},"16":{"start":{"line":54,"column":11},"end":{"line":58,"column":7}},"17":{"start":{"line":55,"column":8},"end":{"line":55,"column":44}},"18":{"start":{"line":56,"column":8},"end":{"line":56,"column":30}},"19":{"start":{"line":57,"column":8},"end":{"line":57,"column":28}},"20":{"start":{"line":59,"column":6},"end":{"line":59,"column":25}},"21":{"start":{"line":61,"column":4},"end":{"line":61,"column":31}},"22":{"start":{"line":62,"column":4},"end":{"line":62,"column":18}},"23":{"start":{"line":67,"column":6},"end":{"line":74,"column":7}},"24":{"start":{"line":68,"column":8},"end":{"line":68,"column":28}},"25":{"start":{"line":70,"column":11},"end":{"line":74,"column":7}},"26":{"start":{"line":71,"column":8},"end":{"line":71,"column":35}},"27":{"start":{"line":72,"column":8},"end":{"line":72,"column":25}},"28":{"start":{"line":73,"column":8},"end":{"line":73,"column":28}},"29":{"start":{"line":75,"column":6},"end":{"line":75,"column":27}},"30":{"start":{"line":77,"column":6},"end":{"line":77,"column":25}},"31":{"start":{"line":79,"column":4},"end":{"line":79,"column":35}},"32":{"start":{"line":80,"column":4},"end":{"line":80,"column":20}},"33":{"start":{"line":84,"column":6},"end":{"line":84,"column":44}},"34":{"start":{"line":85,"column":6},"end":{"line":85,"column":26}},"35":{"start":{"line":86,"column":6},"end":{"line":86,"column":25}},"36":{"start":{"line":88,"column":4},"end":{"line":88,"column":33}},"37":{"start":{"line":89,"column":4},"end":{"line":89,"column":19}},"38":{"start":{"line":94,"column":32},"end":{"line":94,"column":42}},"39":{"start":{"line":96,"column":4},"end":{"line":114,"column":5}},"40":{"start":{"line":97,"column":6},"end":{"line":97,"column":37}},"41":{"start":{"line":98,"column":6},"end":{"line":98,"column":26}},"42":{"start":{"line":100,"column":9},"end":{"line":114,"column":5}},"43":{"start":{"line":101,"column":6},"end":{"line":101,"column":37}},"44":{"start":{"line":102,"column":6},"end":{"line":102,"column":26}},"45":{"start":{"line":104,"column":9},"end":{"line":114,"column":5}},"46":{"start":{"line":105,"column":6},"end":{"line":105,"column":37}},"47":{"start":{"line":106,"column":6},"end":{"line":106,"column":26}},"48":{"start":{"line":108,"column":9},"end":{"line":114,"column":5}},"49":{"start":{"line":109,"column":6},"end":{"line":109,"column":37}},"50":{"start":{"line":110,"column":6},"end":{"line":110,"column":26}},"51":{"start":{"line":112,"column":9},"end":{"line":114,"column":5}},"52":{"start":{"line":113,"column":6},"end":{"line":113,"column":26}},"53":{"start":{"line":115,"column":4},"end":{"line":115,"column":23}},"54":{"start":{"line":121,"column":4},"end":{"line":158,"column":6}}},"fnMap":{"0":{"name":"round2","decl":{"start":{"line":7,"column":9},"end":{"line":7,"column":15}},"loc":{"start":{"line":7,"column":38},"end":{"line":11,"column":1}}},"1":{"name":"(anonymous_1)","decl":{"start":{"line":14,"column":2},"end":{"line":14,"column":3}},"loc":{"start":{"line":14,"column":21},"end":{"line":24,"column":3}}},"2":{"name":"(anonymous_2)","decl":{"start":{"line":25,"column":2},"end":{"line":25,"column":3}},"loc":{"start":{"line":25,"column":16},"end":{"line":32,"column":3}}},"3":{"name":"(anonymous_3)","decl":{"start":{"line":33,"column":2},"end":{"line":33,"column":3}},"loc":{"start":{"line":33,"column":16},"end":{"line":45,"column":3}}},"4":{"name":"reset","decl":{"start":{"line":34,"column":13},"end":{"line":34,"column":18}},"loc":{"start":{"line":34,"column":21},"end":{"line":41,"column":5}}},"5":{"name":"(anonymous_5)","decl":{"start":{"line":46,"column":2},"end":{"line":46,"column":3}},"loc":{"start":{"line":46,"column":23},"end":{"line":48,"column":3}}},"6":{"name":"(anonymous_6)","decl":{"start":{"line":49,"column":2},"end":{"line":49,"column":3}},"loc":{"start":{"line":49,"column":21},"end":{"line":63,"column":3}}},"7":{"name":"number","decl":{"start":{"line":50,"column":13},"end":{"line":50,"column":19}},"loc":{"start":{"line":50,"column":22},"end":{"line":60,"column":5}}},"8":{"name":"(anonymous_8)","decl":{"start":{"line":65,"column":2},"end":{"line":65,"column":3}},"loc":{"start":{"line":65,"column":23},"end":{"line":81,"column":3}}},"9":{"name":"operator","decl":{"start":{"line":66,"column":13},"end":{"line":66,"column":21}},"loc":{"start":{"line":66,"column":24},"end":{"line":78,"column":5}}},"10":{"name":"(anonymous_10)","decl":{"start":{"line":82,"column":2},"end":{"line":82,"column":3}},"loc":{"start":{"line":82,"column":18},"end":{"line":92,"column":3}}},"11":{"name":"percent","decl":{"start":{"line":83,"column":13},"end":{"line":83,"column":20}},"loc":{"start":{"line":83,"column":23},"end":{"line":87,"column":5}}},"12":{"name":"(anonymous_12)","decl":{"start":{"line":93,"column":2},"end":{"line":93,"column":3}},"loc":{"start":{"line":93,"column":13},"end":{"line":116,"column":3}}},"13":{"name":"(anonymous_13)","decl":{"start":{"line":120,"column":2},"end":{"line":120,"column":3}},"loc":{"start":{"line":120,"column":11},"end":{"line":159,"column":3}}}},"branchMap":{"0":{"loc":{"start":{"line":51,"column":6},"end":{"line":58,"column":7}},"type":"if","locations":[{"start":{"line":51,"column":6},"end":{"line":58,"column":7}},{"start":{"line":51,"column":6},"end":{"line":58,"column":7}}]},"1":{"loc":{"start":{"line":51,"column":10},"end":{"line":51,"column":56}},"type":"binary-expr","locations":[{"start":{"line":51,"column":10},"end":{"line":51,"column":31}},{"start":{"line":51,"column":35},"end":{"line":51,"column":56}}]},"2":{"loc":{"start":{"line":54,"column":11},"end":{"line":58,"column":7}},"type":"if","locations":[{"start":{"line":54,"column":11},"end":{"line":58,"column":7}},{"start":{"line":54,"column":11},"end":{"line":58,"column":7}}]},"3":{"loc":{"start":{"line":67,"column":6},"end":{"line":74,"column":7}},"type":"if","locations":[{"start":{"line":67,"column":6},"end":{"line":74,"column":7}},{"start":{"line":67,"column":6},"end":{"line":74,"column":7}}]},"4":{"loc":{"start":{"line":67,"column":9},"end":{"line":67,"column":55}},"type":"binary-expr","locations":[{"start":{"line":67,"column":9},"end":{"line":67,"column":30}},{"start":{"line":67,"column":34},"end":{"line":67,"column":55}}]},"5":{"loc":{"start":{"line":70,"column":11},"end":{"line":74,"column":7}},"type":"if","locations":[{"start":{"line":70,"column":11},"end":{"line":74,"column":7}},{"start":{"line":70,"column":11},"end":{"line":74,"column":7}}]},"6":{"loc":{"start":{"line":96,"column":4},"end":{"line":114,"column":5}},"type":"if","locations":[{"start":{"line":96,"column":4},"end":{"line":114,"column":5}},{"start":{"line":96,"column":4},"end":{"line":114,"column":5}}]},"7":{"loc":{"start":{"line":100,"column":9},"end":{"line":114,"column":5}},"type":"if","locations":[{"start":{"line":100,"column":9},"end":{"line":114,"column":5}},{"start":{"line":100,"column":9},"end":{"line":114,"column":5}}]},"8":{"loc":{"start":{"line":104,"column":9},"end":{"line":114,"column":5}},"type":"if","locations":[{"start":{"line":104,"column":9},"end":{"line":114,"column":5}},{"start":{"line":104,"column":9},"end":{"line":114,"column":5}}]},"9":{"loc":{"start":{"line":108,"column":9},"end":{"line":114,"column":5}},"type":"if","locations":[{"start":{"line":108,"column":9},"end":{"line":114,"column":5}},{"start":{"line":108,"column":9},"end":{"line":114,"column":5}}]},"10":{"loc":{"start":{"line":112,"column":9},"end":{"line":114,"column":5}},"type":"if","locations":[{"start":{"line":112,"column":9},"end":{"line":114,"column":5}},{"start":{"line":112,"column":9},"end":{"line":114,"column":5}}]}},"s":{"0":0,"1":0,"2":10,"3":10,"4":10,"5":45,"6":0,"7":0,"8":0,"9":0,"10":0,"11":1,"12":1,"13":0,"14":24,"15":15,"16":9,"17":9,"18":9,"19":9,"20":24,"21":490,"22":490,"23":15,"24":9,"25":6,"26":6,"27":6,"28":6,"29":15,"30":15,"31":245,"32":245,"33":0,"34":0,"35":0,"36":0,"37":0,"38":6,"39":6,"40":2,"41":2,"42":4,"43":2,"44":2,"45":2,"46":1,"47":1,"48":1,"49":0,"50":0,"51":1,"52":1,"53":6,"54":49},"f":{"0":0,"1":10,"2":45,"3":1,"4":0,"5":0,"6":490,"7":24,"8":245,"9":15,"10":0,"11":0,"12":6,"13":49},"b":{"0":[15,9],"1":[24,9],"2":[9,0],"3":[9,6],"4":[15,8],"5":[6,0],"6":[2,4],"7":[2,2],"8":[1,1],"9":[0,1],"10":[1,0]},"_coverageSchema":"332fd63041d2c1bcb487cc26dd0d5f7d97098a6c","hash":"ea899123a4d4770e11aa5035f92c286b8acd0176"}
,"/home/wayne/HW6/src/components/CalcButton.js": {"path":"/home/wayne/HW6/src/components/CalcButton.js","statementMap":{"0":{"start":{"line":5,"column":2},"end":{"line":5,"column":56}},"1":{"start":{"line":8,"column":19},"end":{"line":19,"column":1}},"2":{"start":{"line":9,"column":43},"end":{"line":9,"column":48}},"3":{"start":{"line":10,"column":21},"end":{"line":10,"column":36}},"4":{"start":{"line":11,"column":2},"end":{"line":18,"column":4}},"5":{"start":{"line":22,"column":0},"end":{"line":26,"column":2}},"6":{"start":{"line":28,"column":0},"end":{"line":30,"column":2}}},"fnMap":{"0":{"name":"showNotImplemented","decl":{"start":{"line":4,"column":9},"end":{"line":4,"column":27}},"loc":{"start":{"line":4,"column":30},"end":{"line":6,"column":1}}},"1":{"name":"(anonymous_1)","decl":{"start":{"line":8,"column":19},"end":{"line":8,"column":20}},"loc":{"start":{"line":8,"column":30},"end":{"line":19,"column":1}}}},"branchMap":{"0":{"loc":{"start":{"line":10,"column":21},"end":{"line":10,"column":36}},"type":"binary-expr","locations":[{"start":{"line":10,"column":21},"end":{"line":10,"column":30}},{"start":{"line":10,"column":34},"end":{"line":10,"column":36}}]}},"s":{"0":0,"1":2,"2":933,"3":933,"4":933,"5":2,"6":2},"f":{"0":0,"1":933},"b":{"0":[933,148]},"_coverageSchema":"332fd63041d2c1bcb487cc26dd0d5f7d97098a6c","hash":"115a5b613425bafda13dca516a19e2eae35cdbd2"}
}
