TN:
SF:/home/wayne/HW6/src/components/CalcApp.js
FN:7,round2
FN:14,(anonymous_1)
FN:25,(anonymous_2)
FN:33,(anonymous_3)
FN:34,reset
FN:46,(anonymous_5)
FN:49,(anonymous_6)
FN:50,number
FN:65,(anonymous_8)
FN:66,operator
FN:82,(anonymous_10)
FN:83,percent
FN:93,(anonymous_12)
FN:120,(anonymous_13)
FNF:14
FNH:9
FNDA:0,round2
FNDA:10,(anonymous_1)
FNDA:45,(anonymous_2)
FNDA:1,(anonymous_3)
FNDA:0,reset
FNDA:0,(anonymous_5)
FNDA:490,(anonymous_6)
FNDA:24,number
FNDA:245,(anonymous_8)
FNDA:15,operator
FNDA:0,(anonymous_10)
FNDA:0,percent
FNDA:6,(anonymous_12)
FNDA:49,(anonymous_13)
DA:8,0
DA:9,0
DA:15,10
DA:16,10
DA:22,10
DA:26,45
DA:36,0
DA:37,0
DA:38,0
DA:39,0
DA:40,0
DA:42,1
DA:43,1
DA:47,0
DA:51,24
DA:52,15
DA:54,9
DA:55,9
DA:56,9
DA:57,9
DA:59,24
DA:61,490
DA:62,490
DA:67,15
DA:68,9
DA:70,6
DA:71,6
DA:72,6
DA:73,6
DA:75,15
DA:77,15
DA:79,245
DA:80,245
DA:84,0
DA:85,0
DA:86,0
DA:88,0
DA:89,0
DA:94,6
DA:96,6
DA:97,2
DA:98,2
DA:100,4
DA:101,2
DA:102,2
DA:104,2
DA:105,1
DA:106,1
DA:108,1
DA:109,0
DA:110,0
DA:112,1
DA:113,1
DA:115,6
DA:121,49
LF:55
LH:40
BRDA:51,0,0,15
BRDA:51,0,1,9
BRDA:51,1,0,24
BRDA:51,1,1,9
BRDA:54,2,0,9
BRDA:54,2,1,0
BRDA:67,3,0,9
BRDA:67,3,1,6
BRDA:67,4,0,15
BRDA:67,4,1,8
BRDA:70,5,0,6
BRDA:70,5,1,0
BRDA:96,6,0,2
BRDA:96,6,1,4
BRDA:100,7,0,2
BRDA:100,7,1,2
BRDA:104,8,0,1
BRDA:104,8,1,1
BRDA:108,9,0,0
BRDA:108,9,1,1
BRDA:112,10,0,1
BRDA:112,10,1,0
BRF:22
BRH:18
end_of_record
TN:
SF:/home/wayne/HW6/src/components/CalcButton.js
FN:4,showNotImplemented
FN:8,(anonymous_1)
FNF:2
FNH:1
FNDA:0,showNotImplemented
FNDA:933,(anonymous_1)
DA:5,0
DA:8,2
DA:9,933
DA:10,933
DA:11,933
DA:22,2
DA:28,2
LF:7
LH:6
BRDA:10,0,0,933
BRDA:10,0,1,148
BRF:2
BRH:2
end_of_record
